2020-10-12 18:37:10,449 [Worker-1: Loading available Gradle versions] INFO  o.e.b.c.i.u.g.PublishedGradleVersions - Gradle version information cache is up-to-date. Trying to read.
2020-10-12 18:38:32,859 [Worker-1: Loading available Gradle versions] INFO  o.e.b.c.i.u.g.PublishedGradleVersions - Gradle version information cache is up-to-date. Trying to read.
2020-10-12 18:43:26,074 [Worker-0: Loading available Gradle versions] INFO  o.e.b.c.i.u.g.PublishedGradleVersions - Gradle version information cache is up-to-date. Trying to read.
2020-10-12 19:06:20,536 [Worker-0: Loading available Gradle versions] INFO  o.e.b.c.i.u.g.PublishedGradleVersions - Gradle version information cache is up-to-date. Trying to read.
2020-10-12 19:06:50,977 [Worker-4: Updating Maven Dependencies] INFO  o.e.m.c.i.l.LifecycleMappingFactory - Using org.maven.ide.eclipse.wtp.WarLifecycleMapping lifecycle mapping for MavenProject: edu.br.unifcv:cadastrotitulos:0.0.1-SNAPSHOT @ C:\Workspaces\ws-SpringTools\cadastrotitulos\pom.xml.
2020-10-12 19:06:52,209 [Worker-8: Building] INFO  o.e.m.c.i.l.LifecycleMappingFactory - Using org.maven.ide.eclipse.wtp.WarLifecycleMapping lifecycle mapping for MavenProject: edu.br.unifcv:cadastrotitulos:0.0.1-SNAPSHOT @ C:\Workspaces\ws-SpringTools\cadastrotitulos\pom.xml.
2020-10-12 19:07:01,086 [Worker-8: Building] INFO  o.e.m.c.i.embedder.EclipseLogger - Using 'UTF-8' encoding to copy filtered resources.
2020-10-12 19:07:01,095 [Worker-8: Building] INFO  o.e.m.c.i.embedder.EclipseLogger - Copying 1 resource
2020-10-12 19:07:01,132 [Worker-8: Building] INFO  o.e.m.c.i.embedder.EclipseLogger - Copying 9 resources
2020-10-12 19:07:01,235 [Worker-8: Building] INFO  o.e.m.c.i.embedder.EclipseLogger - Using 'UTF-8' encoding to copy filtered resources.
2020-10-12 19:07:01,235 [Worker-8: Building] INFO  o.e.m.c.i.embedder.EclipseLogger - skip non existing resourceDirectory C:\Workspaces\ws-SpringTools\cadastrotitulos\src\test\resources
2020-10-12 19:07:04,968 [Worker-4: Updating Maven Dependencies] INFO  o.e.m.c.i.l.LifecycleMappingFactory - Using org.maven.ide.eclipse.wtp.WarLifecycleMapping lifecycle mapping for MavenProject: edu.br.unifcv:cadastrotitulos:0.0.1-SNAPSHOT @ C:\Workspaces\ws-SpringTools\cadastrotitulos\pom.xml.
2020-10-12 19:07:14,703 [Worker-8: Building] INFO  o.e.m.c.i.embedder.EclipseLogger - Using 'UTF-8' encoding to copy filtered resources.
2020-10-12 19:07:14,723 [Worker-8: Building] INFO  o.e.m.c.i.embedder.EclipseLogger - Copying 1 resource
2020-10-12 19:07:14,781 [Worker-8: Building] INFO  o.e.m.c.i.embedder.EclipseLogger - Copying 9 resources
2020-10-12 19:07:14,849 [Worker-8: Building] INFO  o.e.m.c.i.embedder.EclipseLogger - Using 'UTF-8' encoding to copy filtered resources.
2020-10-12 19:07:14,867 [Worker-8: Building] INFO  o.e.m.c.i.embedder.EclipseLogger - skip non existing resourceDirectory C:\Workspaces\ws-SpringTools\cadastrotitulos\src\test\resources
2020-10-12 19:07:28,370 [Worker-9: Building] INFO  o.e.m.c.i.embedder.EclipseLogger - Using 'UTF-8' encoding to copy filtered resources.
2020-10-12 19:07:28,371 [Worker-9: Building] INFO  o.e.m.c.i.embedder.EclipseLogger - Copying 0 resource
2020-10-12 19:07:28,372 [Worker-9: Building] INFO  o.e.m.c.i.embedder.EclipseLogger - Copying 0 resource
2020-10-12 19:07:28,376 [Worker-9: Building] INFO  o.e.m.c.i.embedder.EclipseLogger - Using 'UTF-8' encoding to copy filtered resources.
2020-10-12 19:07:28,377 [Worker-9: Building] INFO  o.e.m.c.i.embedder.EclipseLogger - skip non existing resourceDirectory C:\Workspaces\ws-SpringTools\cadastrotitulos\src\test\resources
2020-10-12 19:14:36,499 [Worker-2: Loading available Gradle versions] INFO  o.e.b.c.i.u.g.PublishedGradleVersions - Gradle version information cache is up-to-date. Trying to read.
2020-10-12 19:19:35,279 [Worker-6: Building] INFO  o.e.m.c.i.embedder.EclipseLogger - Using 'UTF-8' encoding to copy filtered resources.
2020-10-12 19:19:35,296 [Worker-6: Building] INFO  o.e.m.c.i.embedder.EclipseLogger - Copying 1 resource
2020-10-12 19:19:35,326 [Worker-6: Building] INFO  o.e.m.c.i.embedder.EclipseLogger - Copying 9 resources
2020-10-12 19:19:35,340 [Worker-6: Building] INFO  o.e.m.c.i.embedder.EclipseLogger - Using 'UTF-8' encoding to copy filtered resources.
2020-10-12 19:19:35,340 [Worker-6: Building] INFO  o.e.m.c.i.embedder.EclipseLogger - skip non existing resourceDirectory C:\Workspaces\ws-SpringTools\cadastrotitulos\src\test\resources
